2017-05-07 20:28:30,710 [ERROR] from boardservice in ServiceTest_170507202818622-akka.actor.default-dispatcher-18 - Exception in NamedCallId{name='/api/boards'}
com.lightbend.lagom.javadsl.api.deser.DeserializationException: Argument #0 of constructor [constructor for org.kanban.board.api.Board, annotations: {interface com.fasterxml.jackson.annotation.JsonCreator=@com.fasterxml.jackson.annotation.JsonCreator(mode=DEFAULT)}] has no property name annotation; must have name when multiple-parameter constructor annotated as Creator
 at [Source: akka.util.ByteIterator$ByteArrayIterator$$anon$1@6513f9e; line: 1, column: 1]
	at com.lightbend.lagom.javadsl.jackson.JacksonSerializerFactory$JacksonMessageSerializer$JacksonDeserializer.deserialize(JacksonSerializerFactory.java:127) ~[lagom-javadsl-jackson_2.11-1.3.1.jar:1.3.1]
	at com.lightbend.lagom.javadsl.jackson.JacksonSerializerFactory$JacksonMessageSerializer$JacksonDeserializer.deserialize(JacksonSerializerFactory.java:115) ~[lagom-javadsl-jackson_2.11-1.3.1.jar:1.3.1]
	at com.lightbend.lagom.internal.javadsl.client.JavadslServiceApiBridge$class.negotiatedDeserializerDeserialize(JavadslServiceApiBridge.scala:97) ~[lagom-javadsl-client_2.11-1.3.1.jar:1.3.1]
	at com.lightbend.lagom.internal.javadsl.server.JavadslServiceRouter.negotiatedDeserializerDeserialize(JavadslServerBuilder.scala:129) ~[lagom-javadsl-server_2.11-1.3.1.jar:1.3.1]
	at com.lightbend.lagom.internal.javadsl.server.JavadslServiceRouter.negotiatedDeserializerDeserialize(JavadslServerBuilder.scala:129) ~[lagom-javadsl-server_2.11-1.3.1.jar:1.3.1]
	at com.lightbend.lagom.internal.server.ServiceRouter$$anonfun$com$lightbend$lagom$internal$server$ServiceRouter$$handleServiceCall$1.apply(ServiceRouter.scala:147) ~[lagom-server_2.11-1.3.1.jar:1.3.1]
	at com.lightbend.lagom.internal.server.ServiceRouter$$anonfun$com$lightbend$lagom$internal$server$ServiceRouter$$handleServiceCall$1.apply(ServiceRouter.scala:138) ~[lagom-server_2.11-1.3.1.jar:1.3.1]
	at scala.concurrent.Future$$anonfun$flatMap$1.apply(Future.scala:253) ~[scala-library-2.11.8.jar:na]
	at scala.concurrent.Future$$anonfun$flatMap$1.apply(Future.scala:251) ~[scala-library-2.11.8.jar:na]
	at scala.concurrent.impl.CallbackRunnable.run(Promise.scala:32) [scala-library-2.11.8.jar:na]
	at akka.dispatch.BatchingExecutor$AbstractBatch.processBatch(BatchingExecutor.scala:55) [akka-actor_2.11-2.4.17.jar:na]
	at akka.dispatch.BatchingExecutor$BlockableBatch$$anonfun$run$1.apply$mcV$sp(BatchingExecutor.scala:91) [akka-actor_2.11-2.4.17.jar:na]
	at akka.dispatch.BatchingExecutor$BlockableBatch$$anonfun$run$1.apply(BatchingExecutor.scala:91) [akka-actor_2.11-2.4.17.jar:na]
	at akka.dispatch.BatchingExecutor$BlockableBatch$$anonfun$run$1.apply(BatchingExecutor.scala:91) [akka-actor_2.11-2.4.17.jar:na]
	at scala.concurrent.BlockContext$.withBlockContext(BlockContext.scala:72) [scala-library-2.11.8.jar:na]
	at akka.dispatch.BatchingExecutor$BlockableBatch.run(BatchingExecutor.scala:90) [akka-actor_2.11-2.4.17.jar:na]
	at akka.dispatch.TaskInvocation.run(AbstractDispatcher.scala:39) [akka-actor_2.11-2.4.17.jar:na]
	at akka.dispatch.ForkJoinExecutorConfigurator$AkkaForkJoinTask.exec(AbstractDispatcher.scala:415) [akka-actor_2.11-2.4.17.jar:na]
	at scala.concurrent.forkjoin.ForkJoinTask.doExec(ForkJoinTask.java:260) [scala-library-2.11.8.jar:na]
	at scala.concurrent.forkjoin.ForkJoinPool$WorkQueue.runTask(ForkJoinPool.java:1339) [scala-library-2.11.8.jar:na]
	at scala.concurrent.forkjoin.ForkJoinPool.runWorker(ForkJoinPool.java:1979) [scala-library-2.11.8.jar:na]
	at scala.concurrent.forkjoin.ForkJoinWorkerThread.run(ForkJoinWorkerThread.java:107) [scala-library-2.11.8.jar:na]
Caused by: com.fasterxml.jackson.databind.JsonMappingException: Argument #0 of constructor [constructor for org.kanban.board.api.Board, annotations: {interface com.fasterxml.jackson.annotation.JsonCreator=@com.fasterxml.jackson.annotation.JsonCreator(mode=DEFAULT)}] has no property name annotation; must have name when multiple-parameter constructor annotated as Creator
 at [Source: akka.util.ByteIterator$ByteArrayIterator$$anon$1@6513f9e; line: 1, column: 1]
	at com.fasterxml.jackson.databind.JsonMappingException.from(JsonMappingException.java:291) ~[jackson-databind-2.7.8.jar:2.7.8]
	at com.fasterxml.jackson.databind.deser.DeserializerCache._createAndCache2(DeserializerCache.java:269) ~[jackson-databind-2.7.8.jar:2.7.8]
	at com.fasterxml.jackson.databind.deser.DeserializerCache._createAndCacheValueDeserializer(DeserializerCache.java:244) ~[jackson-databind-2.7.8.jar:2.7.8]
	at com.fasterxml.jackson.databind.deser.DeserializerCache.findValueDeserializer(DeserializerCache.java:142) ~[jackson-databind-2.7.8.jar:2.7.8]
	at com.fasterxml.jackson.databind.DeserializationContext.findRootValueDeserializer(DeserializationContext.java:477) ~[jackson-databind-2.7.8.jar:2.7.8]
	at com.fasterxml.jackson.databind.ObjectReader._findRootDeserializer(ObjectReader.java:1817) ~[jackson-databind-2.7.8.jar:2.7.8]
	at com.fasterxml.jackson.databind.ObjectReader._bindAndClose(ObjectReader.java:1574) ~[jackson-databind-2.7.8.jar:2.7.8]
	at com.fasterxml.jackson.databind.ObjectReader.readValue(ObjectReader.java:1166) ~[jackson-databind-2.7.8.jar:2.7.8]
	at com.lightbend.lagom.javadsl.jackson.JacksonSerializerFactory$JacksonMessageSerializer$JacksonDeserializer.deserialize(JacksonSerializerFactory.java:125) ~[lagom-javadsl-jackson_2.11-1.3.1.jar:1.3.1]
	... 21 common frames omitted
Caused by: java.lang.IllegalArgumentException: Argument #0 of constructor [constructor for org.kanban.board.api.Board, annotations: {interface com.fasterxml.jackson.annotation.JsonCreator=@com.fasterxml.jackson.annotation.JsonCreator(mode=DEFAULT)}] has no property name annotation; must have name when multiple-parameter constructor annotated as Creator
	at com.fasterxml.jackson.databind.deser.BasicDeserializerFactory._addDeserializerConstructors(BasicDeserializerFactory.java:509) ~[jackson-databind-2.7.8.jar:2.7.8]
	at com.fasterxml.jackson.databind.deser.BasicDeserializerFactory._constructDefaultValueInstantiator(BasicDeserializerFactory.java:321) ~[jackson-databind-2.7.8.jar:2.7.8]
	at com.fasterxml.jackson.databind.deser.BasicDeserializerFactory.findValueInstantiator(BasicDeserializerFactory.java:252) ~[jackson-databind-2.7.8.jar:2.7.8]
	at com.fasterxml.jackson.databind.deser.BeanDeserializerFactory.buildBeanDeserializer(BeanDeserializerFactory.java:221) ~[jackson-databind-2.7.8.jar:2.7.8]
	at com.fasterxml.jackson.databind.deser.BeanDeserializerFactory.createBeanDeserializer(BeanDeserializerFactory.java:143) ~[jackson-databind-2.7.8.jar:2.7.8]
	at com.fasterxml.jackson.databind.deser.DeserializerCache._createDeserializer2(DeserializerCache.java:406) ~[jackson-databind-2.7.8.jar:2.7.8]
	at com.fasterxml.jackson.databind.deser.DeserializerCache._createDeserializer(DeserializerCache.java:352) ~[jackson-databind-2.7.8.jar:2.7.8]
	at com.fasterxml.jackson.databind.deser.DeserializerCache._createAndCache2(DeserializerCache.java:264) ~[jackson-databind-2.7.8.jar:2.7.8]
	... 28 common frames omitted
